<?xml version="1.0" encoding="UTF-8"?>
<!-- Generated by org.testng.reporters.JUnitReportReporter -->
<testsuite skipped="0" hostname="LAPTOP-9S02J07H" name="driverScript.MainScript" tests="5" failures="0" timestamp="17 Sep 2019 11:16:53 GMT" time="97.977" errors="0">
  <testcase name="tc02" time="33.652" classname="driverScript.MainScript"/>
  <testcase name="tc01" time="13.738" classname="driverScript.MainScript"/>
  <testcase name="tc03" time="29.294" classname="driverScript.MainScript"/>
  <testcase name="tc04" time="11.492" classname="driverScript.MainScript"/>
  <testcase name="tc05" time="9.801" classname="driverScript.MainScript"/>
</testsuite> <!-- driverScript.MainScript -->
